<?xml version="1.0" encoding="UTF-8"?>
<!-- Generated by org.testng.reporters.JUnitReportReporter -->
<testsuite hostname="DESKTOP-0FLDJ3N" failures="0" tests="2" name="Date29.Using_PropertyFile" time="6.032" errors="0" timestamp="2024-01-09T04:17:29 IST" skipped="0">
  <testcase classname="Date29.Using_PropertyFile" name="startTest" time="5.751">
    <system-out>
      <![CDATA[Username and Password are Valid::dashboard  http://orangehrm.qedgetech.com/symfony/web/index.php/dashboard]]>
    </system-out>
  </testcase> <!-- startTest -->
  <testcase classname="Date29.Using_PropertyFile" name="tearDown" time="0.281"/>
  <system-out>
    <![CDATA[Username and Password are Valid::dashboard  http://orangehrm.qedgetech.com/symfony/web/index.php/dashboard]]>
  </system-out>
</testsuite> <!-- Date29.Using_PropertyFile -->
